<?xml version="1.0" encoding="UTF-8"?>
<testsuite name="RectangleUnitTest" tests="3" skipped="0" failures="0" errors="0" timestamp="2015-08-17T14:11:13" hostname="Summer-PC" time="0.001">
  <properties/>
  <testcase name="isSquare_whenASquare_true" classname="RectangleUnitTest" time="0.0"/>
  <testcase name="newRectangle_instantiatesCorrectly" classname="RectangleUnitTest" time="0.0"/>
  <testcase name="isSquare_whenNotASquare_false" classname="RectangleUnitTest" time="0.0"/>
  <system-out><![CDATA[]]></system-out>
  <system-err><![CDATA[]]></system-err>
</testsuite>
